\BOOKMARK [0][-]{chapter*.7}{\376\377\000\332\000v\000o\000d}{}% 1
\BOOKMARK [1][-]{section.0.1}{\376\377\000A\000n\000a\000l\000\375\000z\000a\000\040\000p\000o\000s\000t\000a\000v\000y\000\040\000v\000\040\000d\000i\000g\000i\000t\000\341\000l\000n\000\355\000m\000\040\000s\000v\001\033\000t\001\033}{chapter*.7}% 2
\BOOKMARK [1][-]{section.0.2}{\376\377\000M\000o\000t\000i\000v\000a\000c\000e}{chapter*.7}% 3
\BOOKMARK [0][-]{chapter.1}{\376\377\000T\000e\000o\000r\000e\000t\000i\000c\000k\000\341\000\040\001\015\000\341\000s\000t}{}% 4
\BOOKMARK [1][-]{section.1.1}{\376\377\000Z\000\341\000k\000l\000a\000d\000n\000\355\000\040\000t\000e\000o\000r\000i\000e}{chapter.1}% 5
\BOOKMARK [2][-]{subsection.1.1.1}{\376\377\000C\000o\000\040\000j\000e\000\040\000t\000o\000\040\000m\000o\000d\000e\000l\000?}{section.1.1}% 6
\BOOKMARK [2][-]{subsection.1.1.2}{\376\377\000O\000d\000h\000a\000d\000\040\0002\000D\000\040\000a\000\040\000j\000e\000h\000o\000\040\000l\000i\000m\000i\000t\000a\000c\000e}{section.1.1}% 7
\BOOKMARK [2][-]{subsection.1.1.3}{\376\377\000O\000d\000\040\0002\000D\000\040\000b\000o\000d\001\157\000\040\000k\000\040\0003\000D\000\040\000o\000b\000j\000e\000m\000u}{section.1.1}% 8
\BOOKMARK [2][-]{subsection.1.1.4}{\376\377\000C\000\355\000l\000\040\000p\000r\000\341\000c\000e}{section.1.1}% 9
\BOOKMARK [1][-]{section.1.2}{\376\377\000D\000r\000u\000h\000y\000\040\000d\000e\000t\000e\000k\000c\000\355}{chapter.1}% 10
\BOOKMARK [0][-]{chapter.2}{\376\377\000I\000m\000p\000l\000e\000m\000e\000n\000t\000a\000c\000e}{}% 11
\BOOKMARK [1][-]{section.2.1}{\376\377\000U\000k\000\341\000z\000k\000a\000\040\000s\000e\000k\000c\000e}{chapter.2}% 12
\BOOKMARK [0][-]{chapter.3}{\376\377\000T\000e\000c\000h\000n\000i\000c\000k\000\341\000\040\000d\000o\000k\000u\000m\000e\000n\000t\000a\000c\000e}{}% 13
\BOOKMARK [1][-]{section.3.1}{\376\377\000U\000k\000\341\000z\000k\000a\000\040\000s\000e\000k\000c\000e}{chapter.3}% 14
\BOOKMARK [2][-]{subsection.3.1.1}{\376\377\000A\000\040\000j\000e\000d\000n\000\351\000\040\000p\000o\000d\000s\000e\000k\000c\000e}{section.3.1}% 15
\BOOKMARK [1][-]{section.3.2}{\376\377\000A\000\040\000d\000a\000l\001\141\000\355\000\040\000s\000e\000k\000c\000e}{chapter.3}% 16
\BOOKMARK [0][-]{chapter*.8}{\376\377\000Z\000\341\000v\001\033\000r}{}% 17
\BOOKMARK [0][-]{chapter*.9}{\376\377\000S\000e\000z\000n\000a\000m\000\040\000p\000o\000u\001\176\000i\000t\000\351\000\040\000l\000i\000t\000e\000r\000a\000t\000u\000r\000y}{}% 18
\BOOKMARK [0][-]{chapter*.9}{\376\377\000S\000e\000z\000n\000a\000m\000\040\000o\000b\000r\000\341\000z\000k\001\157}{}% 19
\BOOKMARK [0][-]{chapter*.9}{\376\377\000S\000e\000z\000n\000a\000m\000\040\000t\000a\000b\000u\000l\000e\000k}{}% 20
